<?xml version="1.0" encoding="UTF-8"?>
<testng-results ignored="0" total="1" passed="1" failed="0" skipped="0">
  <reporter-output>
  </reporter-output>
  <suite started-at="2024-11-02T19:01:05 IST" name="Default suite" finished-at="2024-11-02T19:01:10 IST" duration-ms="5135">
    <groups>
    </groups>
    <test started-at="2024-11-02T19:01:05 IST" name="Default test" finished-at="2024-11-02T19:01:10 IST" duration-ms="5135">
      <class name="com.testcases.TC_linkTest_001">
        <test-method is-config="true" signature="setUp()[pri:0, instance:com.testcases.TC_linkTest_001@24569dba]" started-at="2024-11-02T19:01:05 IST" name="setUp" finished-at="2024-11-02T19:01:07 IST" duration-ms="1975" status="PASS">
          <reporter-output>
          </reporter-output>
        </test-method> <!-- setUp -->
        <test-method signature="linkTest()[pri:0, instance:com.testcases.TC_linkTest_001@24569dba]" started-at="2024-11-02T19:01:07 IST" name="linkTest" finished-at="2024-11-02T19:01:10 IST" duration-ms="3127" status="PASS">
          <reporter-output>
          </reporter-output>
        </test-method> <!-- linkTest -->
        <test-method is-config="true" signature="tearDown()[pri:0, instance:com.testcases.TC_linkTest_001@24569dba]" started-at="2024-11-02T19:01:10 IST" name="tearDown" finished-at="2024-11-02T19:01:10 IST" duration-ms="0" status="PASS">
          <reporter-output>
          </reporter-output>
        </test-method> <!-- tearDown -->
      </class> <!-- com.testcases.TC_linkTest_001 -->
    </test> <!-- Default test -->
  </suite> <!-- Default suite -->
</testng-results>
